2022-10-23 20:44:39.659  INFO 42160 --- [restartedMain] c.s.PortaltransaccionalApplication       : Starting PortaltransaccionalApplication using Java 11.0.16.1 on JORGEP-HENAO with PID 42160 (D:\Proyectos personales\serviciudad\portaltransaccional\target\classes started by jorge.henao in D:\Proyectos personales\serviciudad\portaltransaccional)
2022-10-23 20:44:39.668  INFO 42160 --- [restartedMain] c.s.PortaltransaccionalApplication       : No active profile set, falling back to default profiles: default
2022-10-23 20:44:39.775  INFO 42160 --- [restartedMain] .e.DevToolsPropertyDefaultsPostProcessor : Devtools property defaults active! Set 'spring.devtools.add-properties' to 'false' to disable
2022-10-23 20:44:39.775  INFO 42160 --- [restartedMain] .e.DevToolsPropertyDefaultsPostProcessor : For additional web related logging consider setting the 'logging.level.web' property to 'DEBUG'
2022-10-23 20:44:41.272  INFO 42160 --- [restartedMain] .s.d.r.c.RepositoryConfigurationDelegate : Bootstrapping Spring Data JPA repositories in DEFAULT mode.
2022-10-23 20:44:41.520  INFO 42160 --- [restartedMain] .s.d.r.c.RepositoryConfigurationDelegate : Finished Spring Data repository scanning in 234 ms. Found 4 JPA repository interfaces.
2022-10-23 20:44:41.960  INFO 42160 --- [restartedMain] trationDelegate$BeanPostProcessorChecker : Bean 'org.springframework.retry.annotation.RetryConfiguration' of type [org.springframework.retry.annotation.RetryConfiguration$$EnhancerBySpringCGLIB$$687c7473] is not eligible for getting processed by all BeanPostProcessors (for example: not eligible for auto-proxying)
2022-10-23 20:44:43.432  INFO 42160 --- [restartedMain] o.s.b.w.embedded.tomcat.TomcatWebServer  : Tomcat initialized with port(s): 8080 (http)
2022-10-23 20:44:43.446  INFO 42160 --- [restartedMain] o.apache.catalina.core.StandardService   : Starting service [Tomcat]
2022-10-23 20:44:43.447  INFO 42160 --- [restartedMain] org.apache.catalina.core.StandardEngine  : Starting Servlet engine: [Apache Tomcat/9.0.56]
2022-10-23 20:44:43.564  INFO 42160 --- [restartedMain] o.a.c.c.C.[Tomcat].[localhost].[/]       : Initializing Spring embedded WebApplicationContext
2022-10-23 20:44:43.565  INFO 42160 --- [restartedMain] w.s.c.ServletWebServerApplicationContext : Root WebApplicationContext: initialization completed in 3787 ms
2022-10-23 20:44:44.178  INFO 42160 --- [restartedMain] o.hibernate.jpa.internal.util.LogHelper  : HHH000204: Processing PersistenceUnitInfo [name: default]
2022-10-23 20:44:44.248  INFO 42160 --- [restartedMain] org.hibernate.Version                    : HHH000412: Hibernate ORM core version 5.6.3.Final
2022-10-23 20:44:44.475  INFO 42160 --- [restartedMain] o.hibernate.annotations.common.Version   : HCANN000001: Hibernate Commons Annotations {5.1.2.Final}
2022-10-23 20:44:44.613  INFO 42160 --- [restartedMain] com.zaxxer.hikari.HikariDataSource       : HikariPool-1 - Starting...
2022-10-23 20:44:44.711  INFO 42160 --- [restartedMain] com.zaxxer.hikari.HikariDataSource       : HikariPool-1 - Start completed.
2022-10-23 20:44:44.731  INFO 42160 --- [restartedMain] org.hibernate.dialect.Dialect            : HHH000400: Using dialect: com.serviciudad.SQLDialect
2022-10-23 20:44:45.239  INFO 42160 --- [restartedMain] o.h.e.t.j.p.i.JtaPlatformInitiator       : HHH000490: Using JtaPlatform implementation: [org.hibernate.engine.transaction.jta.platform.internal.NoJtaPlatform]
2022-10-23 20:44:45.246  INFO 42160 --- [restartedMain] j.LocalContainerEntityManagerFactoryBean : Initialized JPA EntityManagerFactory for persistence unit 'default'
2022-10-23 20:44:46.228  WARN 42160 --- [restartedMain] JpaBaseConfiguration$JpaWebConfiguration : spring.jpa.open-in-view is enabled by default. Therefore, database queries may be performed during view rendering. Explicitly configure spring.jpa.open-in-view to disable this warning
2022-10-23 20:44:48.737  INFO 42160 --- [restartedMain] o.s.b.d.a.OptionalLiveReloadServer       : LiveReload server is running on port 35729
2022-10-23 20:44:48.757  INFO 42160 --- [restartedMain] o.s.b.a.e.web.EndpointLinksResolver      : Exposing 1 endpoint(s) beneath base path '/actuator'
2022-10-23 20:44:48.838  INFO 42160 --- [restartedMain] o.s.b.w.embedded.tomcat.TomcatWebServer  : Tomcat started on port(s): 8080 (http) with context path ''
2022-10-23 20:44:48.867  INFO 42160 --- [restartedMain] c.s.PortaltransaccionalApplication       : Started PortaltransaccionalApplication in 9.78 seconds (JVM running for 10.567)
2022-10-23 20:45:07.723  INFO 42160 --- [http-nio-8080-exec-1] o.a.c.c.C.[Tomcat].[localhost].[/]       : Initializing Spring DispatcherServlet 'dispatcherServlet'
2022-10-23 20:45:07.725  INFO 42160 --- [http-nio-8080-exec-1] o.s.web.servlet.DispatcherServlet        : Initializing Servlet 'dispatcherServlet'
2022-10-23 20:45:07.727  INFO 42160 --- [http-nio-8080-exec-1] o.s.web.servlet.DispatcherServlet        : Completed initialization in 2 ms
2022-10-23 20:45:08.566  INFO 42160 --- [http-nio-8080-exec-7] o.springdoc.api.AbstractOpenApiResource  : Init duration for springdoc-openapi is: 370 ms
2022-10-23 20:47:13.314  INFO 42160 --- [http-nio-8080-exec-4] c.serviciudad.security.InterceptorJwtIO  : No autorizado /api/adicionarusuario
2022-10-23 20:47:27.890  INFO 42160 --- [SpringApplicationShutdownHook] j.LocalContainerEntityManagerFactoryBean : Closing JPA EntityManagerFactory for persistence unit 'default'
2022-10-23 20:47:27.894  INFO 42160 --- [SpringApplicationShutdownHook] com.zaxxer.hikari.HikariDataSource       : HikariPool-1 - Shutdown initiated...
2022-10-23 20:47:27.900  INFO 42160 --- [SpringApplicationShutdownHook] com.zaxxer.hikari.HikariDataSource       : HikariPool-1 - Shutdown completed.
2022-10-23 20:47:32.699  INFO 17108 --- [restartedMain] c.s.PortaltransaccionalApplication       : Starting PortaltransaccionalApplication using Java 11.0.16.1 on JORGEP-HENAO with PID 17108 (D:\Proyectos personales\serviciudad\portaltransaccional\target\classes started by jorge.henao in D:\Proyectos personales\serviciudad\portaltransaccional)
2022-10-23 20:47:32.700  INFO 17108 --- [restartedMain] c.s.PortaltransaccionalApplication       : No active profile set, falling back to default profiles: default
2022-10-23 20:47:32.802  INFO 17108 --- [restartedMain] .e.DevToolsPropertyDefaultsPostProcessor : Devtools property defaults active! Set 'spring.devtools.add-properties' to 'false' to disable
2022-10-23 20:47:32.802  INFO 17108 --- [restartedMain] .e.DevToolsPropertyDefaultsPostProcessor : For additional web related logging consider setting the 'logging.level.web' property to 'DEBUG'
2022-10-23 20:47:34.186  INFO 17108 --- [restartedMain] .s.d.r.c.RepositoryConfigurationDelegate : Bootstrapping Spring Data JPA repositories in DEFAULT mode.
2022-10-23 20:47:34.412  INFO 17108 --- [restartedMain] .s.d.r.c.RepositoryConfigurationDelegate : Finished Spring Data repository scanning in 215 ms. Found 4 JPA repository interfaces.
2022-10-23 20:47:34.862  INFO 17108 --- [restartedMain] trationDelegate$BeanPostProcessorChecker : Bean 'org.springframework.retry.annotation.RetryConfiguration' of type [org.springframework.retry.annotation.RetryConfiguration$$EnhancerBySpringCGLIB$$1541b188] is not eligible for getting processed by all BeanPostProcessors (for example: not eligible for auto-proxying)
2022-10-23 20:47:36.405  INFO 17108 --- [restartedMain] o.s.b.w.embedded.tomcat.TomcatWebServer  : Tomcat initialized with port(s): 8080 (http)
2022-10-23 20:47:36.418  INFO 17108 --- [restartedMain] o.apache.catalina.core.StandardService   : Starting service [Tomcat]
2022-10-23 20:47:36.419  INFO 17108 --- [restartedMain] org.apache.catalina.core.StandardEngine  : Starting Servlet engine: [Apache Tomcat/9.0.56]
2022-10-23 20:47:36.533  INFO 17108 --- [restartedMain] o.a.c.c.C.[Tomcat].[localhost].[/]       : Initializing Spring embedded WebApplicationContext
2022-10-23 20:47:36.533  INFO 17108 --- [restartedMain] w.s.c.ServletWebServerApplicationContext : Root WebApplicationContext: initialization completed in 3730 ms
2022-10-23 20:47:37.220  INFO 17108 --- [restartedMain] o.hibernate.jpa.internal.util.LogHelper  : HHH000204: Processing PersistenceUnitInfo [name: default]
2022-10-23 20:47:37.285  INFO 17108 --- [restartedMain] org.hibernate.Version                    : HHH000412: Hibernate ORM core version 5.6.3.Final
2022-10-23 20:47:37.482  INFO 17108 --- [restartedMain] o.hibernate.annotations.common.Version   : HCANN000001: Hibernate Commons Annotations {5.1.2.Final}
2022-10-23 20:47:37.621  INFO 17108 --- [restartedMain] com.zaxxer.hikari.HikariDataSource       : HikariPool-1 - Starting...
2022-10-23 20:47:37.722  INFO 17108 --- [restartedMain] com.zaxxer.hikari.HikariDataSource       : HikariPool-1 - Start completed.
2022-10-23 20:47:37.737  INFO 17108 --- [restartedMain] org.hibernate.dialect.Dialect            : HHH000400: Using dialect: com.serviciudad.SQLDialect
2022-10-23 20:47:38.165  INFO 17108 --- [restartedMain] o.h.e.t.j.p.i.JtaPlatformInitiator       : HHH000490: Using JtaPlatform implementation: [org.hibernate.engine.transaction.jta.platform.internal.NoJtaPlatform]
2022-10-23 20:47:38.173  INFO 17108 --- [restartedMain] j.LocalContainerEntityManagerFactoryBean : Initialized JPA EntityManagerFactory for persistence unit 'default'
2022-10-23 20:47:39.429  WARN 17108 --- [restartedMain] JpaBaseConfiguration$JpaWebConfiguration : spring.jpa.open-in-view is enabled by default. Therefore, database queries may be performed during view rendering. Explicitly configure spring.jpa.open-in-view to disable this warning
2022-10-23 20:47:41.768  INFO 17108 --- [restartedMain] o.s.b.d.a.OptionalLiveReloadServer       : LiveReload server is running on port 35729
2022-10-23 20:47:41.785  INFO 17108 --- [restartedMain] o.s.b.a.e.web.EndpointLinksResolver      : Exposing 1 endpoint(s) beneath base path '/actuator'
2022-10-23 20:47:41.846  INFO 17108 --- [restartedMain] o.s.b.w.embedded.tomcat.TomcatWebServer  : Tomcat started on port(s): 8080 (http) with context path ''
2022-10-23 20:47:41.868  INFO 17108 --- [restartedMain] c.s.PortaltransaccionalApplication       : Started PortaltransaccionalApplication in 9.692 seconds (JVM running for 10.692)
2022-10-23 20:48:06.631  INFO 17108 --- [http-nio-8080-exec-1] o.a.c.c.C.[Tomcat].[localhost].[/]       : Initializing Spring DispatcherServlet 'dispatcherServlet'
2022-10-23 20:48:06.632  INFO 17108 --- [http-nio-8080-exec-1] o.s.web.servlet.DispatcherServlet        : Initializing Servlet 'dispatcherServlet'
2022-10-23 20:48:06.634  INFO 17108 --- [http-nio-8080-exec-1] o.s.web.servlet.DispatcherServlet        : Completed initialization in 1 ms
2022-10-23 20:48:22.851  INFO 17108 --- [http-nio-8080-exec-1] c.serviciudad.security.InterceptorJwtIO  : No autorizado /api/adicionarusuario
2022-10-23 20:50:06.372  INFO 17108 --- [http-nio-8080-exec-2] c.serviciudad.security.InterceptorJwtIO  : No autorizado /api/adicionarusuario
2022-10-23 20:50:06.372  WARN 17108 --- [HikariPool-1 housekeeper] com.zaxxer.hikari.pool.HikariPool        : HikariPool-1 - Thread starvation or clock leap detected (housekeeper delta=54s928ms254탎900ns).
2022-10-23 20:51:48.493  INFO 17108 --- [http-nio-8080-exec-4] c.serviciudad.security.InterceptorJwtIO  : No autorizado /api/adicionarusuario
2022-10-23 20:51:48.493  WARN 17108 --- [HikariPool-1 housekeeper] com.zaxxer.hikari.pool.HikariPool        : HikariPool-1 - Thread starvation or clock leap detected (housekeeper delta=1m6s707ms266탎300ns).
2022-10-23 20:54:01.588  INFO 17108 --- [http-nio-8080-exec-7] c.serviciudad.security.InterceptorJwtIO  : No autorizado /api/adicionarusuario
2022-10-23 20:54:13.541  INFO 17108 --- [http-nio-8080-exec-8] c.serviciudad.security.InterceptorJwtIO  : No autorizado /api/adicionarusuario
2022-10-23 20:54:17.374  INFO 17108 --- [http-nio-8080-exec-9] c.serviciudad.security.InterceptorJwtIO  : No autorizado /api/adicionarusuario
2022-10-23 20:54:18.160  INFO 17108 --- [http-nio-8080-exec-10] c.serviciudad.security.InterceptorJwtIO  : No autorizado /api/adicionarusuario
2022-10-23 20:54:26.587  INFO 17108 --- [SpringApplicationShutdownHook] j.LocalContainerEntityManagerFactoryBean : Closing JPA EntityManagerFactory for persistence unit 'default'
2022-10-23 20:54:26.591  INFO 17108 --- [SpringApplicationShutdownHook] com.zaxxer.hikari.HikariDataSource       : HikariPool-1 - Shutdown initiated...
2022-10-23 20:54:26.595  INFO 17108 --- [SpringApplicationShutdownHook] com.zaxxer.hikari.HikariDataSource       : HikariPool-1 - Shutdown completed.
2022-10-23 20:54:31.266  INFO 25180 --- [restartedMain] c.s.PortaltransaccionalApplication       : Starting PortaltransaccionalApplication using Java 11.0.16.1 on JORGEP-HENAO with PID 25180 (D:\Proyectos personales\serviciudad\portaltransaccional\target\classes started by jorge.henao in D:\Proyectos personales\serviciudad\portaltransaccional)
2022-10-23 20:54:31.267  INFO 25180 --- [restartedMain] c.s.PortaltransaccionalApplication       : No active profile set, falling back to default profiles: default
2022-10-23 20:54:31.356  INFO 25180 --- [restartedMain] .e.DevToolsPropertyDefaultsPostProcessor : Devtools property defaults active! Set 'spring.devtools.add-properties' to 'false' to disable
2022-10-23 20:54:31.356  INFO 25180 --- [restartedMain] .e.DevToolsPropertyDefaultsPostProcessor : For additional web related logging consider setting the 'logging.level.web' property to 'DEBUG'
2022-10-23 20:54:32.833  INFO 25180 --- [restartedMain] .s.d.r.c.RepositoryConfigurationDelegate : Bootstrapping Spring Data JPA repositories in DEFAULT mode.
2022-10-23 20:54:33.046  INFO 25180 --- [restartedMain] .s.d.r.c.RepositoryConfigurationDelegate : Finished Spring Data repository scanning in 200 ms. Found 4 JPA repository interfaces.
2022-10-23 20:54:33.546  INFO 25180 --- [restartedMain] trationDelegate$BeanPostProcessorChecker : Bean 'org.springframework.retry.annotation.RetryConfiguration' of type [org.springframework.retry.annotation.RetryConfiguration$$EnhancerBySpringCGLIB$$a1a32d22] is not eligible for getting processed by all BeanPostProcessors (for example: not eligible for auto-proxying)
2022-10-23 20:54:34.994  INFO 25180 --- [restartedMain] o.s.b.w.embedded.tomcat.TomcatWebServer  : Tomcat initialized with port(s): 8080 (http)
2022-10-23 20:54:35.011  INFO 25180 --- [restartedMain] o.apache.catalina.core.StandardService   : Starting service [Tomcat]
2022-10-23 20:54:35.012  INFO 25180 --- [restartedMain] org.apache.catalina.core.StandardEngine  : Starting Servlet engine: [Apache Tomcat/9.0.56]
2022-10-23 20:54:35.128  INFO 25180 --- [restartedMain] o.a.c.c.C.[Tomcat].[localhost].[/]       : Initializing Spring embedded WebApplicationContext
2022-10-23 20:54:35.128  INFO 25180 --- [restartedMain] w.s.c.ServletWebServerApplicationContext : Root WebApplicationContext: initialization completed in 3771 ms
2022-10-23 20:54:35.761  INFO 25180 --- [restartedMain] o.hibernate.jpa.internal.util.LogHelper  : HHH000204: Processing PersistenceUnitInfo [name: default]
2022-10-23 20:54:35.820  INFO 25180 --- [restartedMain] org.hibernate.Version                    : HHH000412: Hibernate ORM core version 5.6.3.Final
2022-10-23 20:54:36.030  INFO 25180 --- [restartedMain] o.hibernate.annotations.common.Version   : HCANN000001: Hibernate Commons Annotations {5.1.2.Final}
2022-10-23 20:54:36.157  INFO 25180 --- [restartedMain] com.zaxxer.hikari.HikariDataSource       : HikariPool-1 - Starting...
2022-10-23 20:54:36.262  INFO 25180 --- [restartedMain] com.zaxxer.hikari.HikariDataSource       : HikariPool-1 - Start completed.
2022-10-23 20:54:36.279  INFO 25180 --- [restartedMain] org.hibernate.dialect.Dialect            : HHH000400: Using dialect: com.serviciudad.SQLDialect
2022-10-23 20:54:36.780  INFO 25180 --- [restartedMain] o.h.e.t.j.p.i.JtaPlatformInitiator       : HHH000490: Using JtaPlatform implementation: [org.hibernate.engine.transaction.jta.platform.internal.NoJtaPlatform]
2022-10-23 20:54:36.790  INFO 25180 --- [restartedMain] j.LocalContainerEntityManagerFactoryBean : Initialized JPA EntityManagerFactory for persistence unit 'default'
2022-10-23 20:54:38.080  WARN 25180 --- [restartedMain] JpaBaseConfiguration$JpaWebConfiguration : spring.jpa.open-in-view is enabled by default. Therefore, database queries may be performed during view rendering. Explicitly configure spring.jpa.open-in-view to disable this warning
2022-10-23 20:54:40.673  INFO 25180 --- [restartedMain] o.s.b.d.a.OptionalLiveReloadServer       : LiveReload server is running on port 35729
2022-10-23 20:54:40.696  INFO 25180 --- [restartedMain] o.s.b.a.e.web.EndpointLinksResolver      : Exposing 1 endpoint(s) beneath base path '/actuator'
2022-10-23 20:54:40.795  INFO 25180 --- [restartedMain] o.s.b.w.embedded.tomcat.TomcatWebServer  : Tomcat started on port(s): 8080 (http) with context path ''
2022-10-23 20:54:40.821  INFO 25180 --- [restartedMain] c.s.PortaltransaccionalApplication       : Started PortaltransaccionalApplication in 10.065 seconds (JVM running for 10.864)
2022-10-23 20:54:51.285  INFO 25180 --- [http-nio-8080-exec-1] o.a.c.c.C.[Tomcat].[localhost].[/]       : Initializing Spring DispatcherServlet 'dispatcherServlet'
2022-10-23 20:54:51.287  INFO 25180 --- [http-nio-8080-exec-1] o.s.web.servlet.DispatcherServlet        : Initializing Servlet 'dispatcherServlet'
2022-10-23 20:54:51.289  INFO 25180 --- [http-nio-8080-exec-1] o.s.web.servlet.DispatcherServlet        : Completed initialization in 2 ms
2022-10-23 20:55:13.254  INFO 25180 --- [http-nio-8080-exec-1] c.serviciudad.security.InterceptorJwtIO  : No autorizado /api/adicionarusuario
2022-10-23 21:07:30.782  INFO 25180 --- [http-nio-8080-exec-5] c.serviciudad.security.InterceptorJwtIO  : No autorizado /api/adicionarusuario
2022-10-23 21:07:32.085  INFO 25180 --- [http-nio-8080-exec-6] c.serviciudad.security.InterceptorJwtIO  : No autorizado /api/adicionarusuario
2022-10-23 21:07:32.566  INFO 25180 --- [http-nio-8080-exec-7] c.serviciudad.security.InterceptorJwtIO  : No autorizado /api/adicionarusuario
2022-10-23 21:07:32.777  INFO 25180 --- [http-nio-8080-exec-8] c.serviciudad.security.InterceptorJwtIO  : No autorizado /api/adicionarusuario
2022-10-23 21:07:32.983  INFO 25180 --- [http-nio-8080-exec-9] c.serviciudad.security.InterceptorJwtIO  : No autorizado /api/adicionarusuario
2022-10-23 21:08:11.336  INFO 25180 --- [http-nio-8080-exec-10] c.serviciudad.security.InterceptorJwtIO  : No autorizado /api/adicionarusuario
2022-10-23 21:08:59.872  WARN 25180 --- [HikariPool-1 housekeeper] com.zaxxer.hikari.pool.HikariPool        : HikariPool-1 - Thread starvation or clock leap detected (housekeeper delta=45s539ms190탎).
2022-10-23 21:09:49.235  WARN 25180 --- [HikariPool-1 housekeeper] com.zaxxer.hikari.pool.HikariPool        : HikariPool-1 - Thread starvation or clock leap detected (housekeeper delta=50s242ms754탎400ns).
2022-10-23 21:09:49.235  INFO 25180 --- [http-nio-8080-exec-1] c.serviciudad.security.InterceptorJwtIO  : No autorizado /api/adicionarusuario
2022-10-23 21:09:59.466  INFO 25180 --- [SpringApplicationShutdownHook] j.LocalContainerEntityManagerFactoryBean : Closing JPA EntityManagerFactory for persistence unit 'default'
2022-10-23 21:09:59.471  INFO 25180 --- [SpringApplicationShutdownHook] com.zaxxer.hikari.HikariDataSource       : HikariPool-1 - Shutdown initiated...
2022-10-23 21:09:59.477  INFO 25180 --- [SpringApplicationShutdownHook] com.zaxxer.hikari.HikariDataSource       : HikariPool-1 - Shutdown completed.
2022-10-23 21:10:07.007  INFO 25756 --- [restartedMain] c.s.PortaltransaccionalApplication       : Starting PortaltransaccionalApplication using Java 11.0.16.1 on JORGEP-HENAO with PID 25756 (D:\Proyectos personales\serviciudad\portaltransaccional\target\classes started by jorge.henao in D:\Proyectos personales\serviciudad\portaltransaccional)
2022-10-23 21:10:07.008  INFO 25756 --- [restartedMain] c.s.PortaltransaccionalApplication       : No active profile set, falling back to default profiles: default
2022-10-23 21:10:07.093  INFO 25756 --- [restartedMain] .e.DevToolsPropertyDefaultsPostProcessor : Devtools property defaults active! Set 'spring.devtools.add-properties' to 'false' to disable
2022-10-23 21:10:07.093  INFO 25756 --- [restartedMain] .e.DevToolsPropertyDefaultsPostProcessor : For additional web related logging consider setting the 'logging.level.web' property to 'DEBUG'
2022-10-23 21:10:08.476  INFO 25756 --- [restartedMain] .s.d.r.c.RepositoryConfigurationDelegate : Bootstrapping Spring Data JPA repositories in DEFAULT mode.
2022-10-23 21:10:08.679  INFO 25756 --- [restartedMain] .s.d.r.c.RepositoryConfigurationDelegate : Finished Spring Data repository scanning in 190 ms. Found 4 JPA repository interfaces.
2022-10-23 21:10:09.161  INFO 25756 --- [restartedMain] trationDelegate$BeanPostProcessorChecker : Bean 'org.springframework.retry.annotation.RetryConfiguration' of type [org.springframework.retry.annotation.RetryConfiguration$$EnhancerBySpringCGLIB$$96fb528e] is not eligible for getting processed by all BeanPostProcessors (for example: not eligible for auto-proxying)
2022-10-23 21:10:10.651  INFO 25756 --- [restartedMain] o.s.b.w.embedded.tomcat.TomcatWebServer  : Tomcat initialized with port(s): 8080 (http)
2022-10-23 21:10:10.664  INFO 25756 --- [restartedMain] o.apache.catalina.core.StandardService   : Starting service [Tomcat]
2022-10-23 21:10:10.664  INFO 25756 --- [restartedMain] org.apache.catalina.core.StandardEngine  : Starting Servlet engine: [Apache Tomcat/9.0.56]
2022-10-23 21:10:10.798  INFO 25756 --- [restartedMain] o.a.c.c.C.[Tomcat].[localhost].[/]       : Initializing Spring embedded WebApplicationContext
2022-10-23 21:10:10.798  INFO 25756 --- [restartedMain] w.s.c.ServletWebServerApplicationContext : Root WebApplicationContext: initialization completed in 3704 ms
2022-10-23 21:10:11.472  INFO 25756 --- [restartedMain] o.hibernate.jpa.internal.util.LogHelper  : HHH000204: Processing PersistenceUnitInfo [name: default]
2022-10-23 21:10:11.534  INFO 25756 --- [restartedMain] org.hibernate.Version                    : HHH000412: Hibernate ORM core version 5.6.3.Final
2022-10-23 21:10:11.747  INFO 25756 --- [restartedMain] o.hibernate.annotations.common.Version   : HCANN000001: Hibernate Commons Annotations {5.1.2.Final}
2022-10-23 21:10:11.884  INFO 25756 --- [restartedMain] com.zaxxer.hikari.HikariDataSource       : HikariPool-1 - Starting...
2022-10-23 21:10:11.981  INFO 25756 --- [restartedMain] com.zaxxer.hikari.HikariDataSource       : HikariPool-1 - Start completed.
2022-10-23 21:10:11.999  INFO 25756 --- [restartedMain] org.hibernate.dialect.Dialect            : HHH000400: Using dialect: com.serviciudad.SQLDialect
2022-10-23 21:10:12.475  INFO 25756 --- [restartedMain] o.h.e.t.j.p.i.JtaPlatformInitiator       : HHH000490: Using JtaPlatform implementation: [org.hibernate.engine.transaction.jta.platform.internal.NoJtaPlatform]
2022-10-23 21:10:12.485  INFO 25756 --- [restartedMain] j.LocalContainerEntityManagerFactoryBean : Initialized JPA EntityManagerFactory for persistence unit 'default'
2022-10-23 21:10:13.722  WARN 25756 --- [restartedMain] JpaBaseConfiguration$JpaWebConfiguration : spring.jpa.open-in-view is enabled by default. Therefore, database queries may be performed during view rendering. Explicitly configure spring.jpa.open-in-view to disable this warning
2022-10-23 21:10:16.354  INFO 25756 --- [restartedMain] o.s.b.d.a.OptionalLiveReloadServer       : LiveReload server is running on port 35729
2022-10-23 21:10:16.371  INFO 25756 --- [restartedMain] o.s.b.a.e.web.EndpointLinksResolver      : Exposing 1 endpoint(s) beneath base path '/actuator'
2022-10-23 21:10:16.438  INFO 25756 --- [restartedMain] o.s.b.w.embedded.tomcat.TomcatWebServer  : Tomcat started on port(s): 8080 (http) with context path ''
2022-10-23 21:10:16.459  INFO 25756 --- [restartedMain] c.s.PortaltransaccionalApplication       : Started PortaltransaccionalApplication in 9.911 seconds (JVM running for 10.702)
2022-10-23 21:10:24.671  INFO 25756 --- [http-nio-8080-exec-1] o.a.c.c.C.[Tomcat].[localhost].[/]       : Initializing Spring DispatcherServlet 'dispatcherServlet'
2022-10-23 21:10:24.673  INFO 25756 --- [http-nio-8080-exec-1] o.s.web.servlet.DispatcherServlet        : Initializing Servlet 'dispatcherServlet'
2022-10-23 21:10:24.674  INFO 25756 --- [http-nio-8080-exec-1] o.s.web.servlet.DispatcherServlet        : Completed initialization in 1 ms
2022-10-23 21:13:57.669  WARN 25756 --- [HikariPool-1 housekeeper] com.zaxxer.hikari.pool.HikariPool        : HikariPool-1 - Thread starvation or clock leap detected (housekeeper delta=3m13s497ms234탎200ns).
2022-10-23 21:13:57.672  INFO 25756 --- [http-nio-8080-exec-1] c.serviciudad.security.InterceptorJwtIO  : No autorizado /api/adicionarusuario
2022-10-23 21:13:58.369  INFO 25756 --- [SpringApplicationShutdownHook] j.LocalContainerEntityManagerFactoryBean : Closing JPA EntityManagerFactory for persistence unit 'default'
2022-10-23 21:13:58.372  INFO 25756 --- [SpringApplicationShutdownHook] com.zaxxer.hikari.HikariDataSource       : HikariPool-1 - Shutdown initiated...
2022-10-23 21:13:58.376  INFO 25756 --- [SpringApplicationShutdownHook] com.zaxxer.hikari.HikariDataSource       : HikariPool-1 - Shutdown completed.
